<?xml version="1.0" encoding="UTF-8"?>
<testsuite xmlns:xsi="http://www.w3.org/2001/XMLSchema-instance" xsi:noNamespaceSchemaLocation="https://maven.apache.org/surefire/maven-surefire-plugin/xsd/surefire-test-report-3.0.xsd" version="3.0" name="com.examseating.anticheating.service.SeatingOptimizationIntegrationTest" time="3.056" tests="3" errors="0" skipped="0" failures="0">
  <properties>
[...]
</properties>
  <testcase name="testCompleteSeatingOptimizationWorkflow" classname="com.examseating.anticheating.service.SeatingOptimizationIntegrationTest" time="0.041">
    <system-out><![CDATA[2026-01-11T20:53:01.293+05:00  INFO 10628 --- [Smart Examination Anti-Cheating System] [           main] t.c.s.AnnotationConfigContextLoaderUtils : Could not detect default configuration classes for test class [com.examseating.anticheating.service.SeatingOptimizationIntegrationTest]: SeatingOptimizationIntegrationTest does not declare any static, non-private, non-final, nested classes annotated with @Configuration.
2026-01-11T20:53:01.376+05:00  INFO 10628 --- [Smart Examination Anti-Cheating System] [           main] .b.t.c.SpringBootTestContextBootstrapper : Found @SpringBootConfiguration com.examseating.anticheating.AntiCheatingApplication for test class com.examseating.anticheating.service.SeatingOptimizationIntegrationTest
2026-01-11T20:53:01.421+05:00  INFO 10628 --- [Smart Examination Anti-Cheating System] [           main] o.s.b.d.r.RestartApplicationListener     : Restart disabled due to context in which it is running

  .   ____          _            __ _ _
 /\\ / ___'_ __ _ _(_)_ __  __ _ \ \ \ \
( ( )\___ | '_ | '_| | '_ \/ _` | \ \ \ \
 \\/  ___)| |_)| | | | | || (_| |  ) ) ) )
  '  |____| .__|_| |_|_| |_\__, | / / / /
 =========|_|==============|___/=/_/_/_/
 :: Spring Boot ::                (v3.2.1)

2026-01-11T20:53:01.788+05:00  INFO 10628 --- [Smart Examination Anti-Cheating System] [           main] e.a.s.SeatingOptimizationIntegrationTest : Starting SeatingOptimizationIntegrationTest using Java 21.0.6 with PID 10628 (started by NAVEED in e:\Java DSA\Smart Examination Anti-Cheating & Seating Optimization System)
2026-01-11T20:53:01.788+05:00 DEBUG 10628 --- [Smart Examination Anti-Cheating System] [           main] e.a.s.SeatingOptimizationIntegrationTest : Running with Spring Boot v3.2.1, Spring v6.1.2
2026-01-11T20:53:01.788+05:00  INFO 10628 --- [Smart Examination Anti-Cheating System] [           main] e.a.s.SeatingOptimizationIntegrationTest : No active profile set, falling back to 1 default profile: "default"
2026-01-11T20:53:03.873+05:00  INFO 10628 --- [Smart Examination Anti-Cheating System] [           main] o.s.b.a.w.s.WelcomePageHandlerMapping    : Adding welcome page: class path resource [static/index.html]
2026-01-11T20:53:04.259+05:00  INFO 10628 --- [Smart Examination Anti-Cheating System] [           main] e.a.s.SeatingOptimizationIntegrationTest : Started SeatingOptimizationIntegrationTest in 2.838 seconds (process running for 34.926)
2026-01-11T20:53:04.279+05:00  INFO 10628 --- [Smart Examination Anti-Cheating System] [           main] c.e.a.service.SeatAllocationService      : Generating random seating for 10 students
2026-01-11T20:53:04.279+05:00  INFO 10628 --- [Smart Examination Anti-Cheating System] [           main] c.e.a.service.SeatAllocationService      : Cleared all seat assignments in hall RANDOM_HALL
2026-01-11T20:53:04.279+05:00  INFO 10628 --- [Smart Examination Anti-Cheating System] [           main] c.e.a.service.SeatAllocationService      : Random seating completed. Assigned 10 students
2026-01-11T20:53:04.279+05:00  INFO 10628 --- [Smart Examination Anti-Cheating System] [           main] c.e.a.service.RiskDetectionService       : Generating risk report for hall RANDOM_HALL
2026-01-11T20:53:04.279+05:00  INFO 10628 --- [Smart Examination Anti-Cheating System] [           main] c.e.a.service.RiskDetectionService       : Calculating risk for all seats in hall RANDOM_HALL
2026-01-11T20:53:04.279+05:00 DEBUG 10628 --- [Smart Examination Anti-Cheating System] [           main] c.e.a.service.RiskDetectionService       : Seat (0, 0) - Subject: Math, Conflicts: 0, Risk: SAFE, Score: {:.1f}%
2026-01-11T20:53:04.279+05:00 DEBUG 10628 --- [Smart Examination Anti-Cheating System] [           main] c.e.a.service.RiskDetectionService       : Seat (0, 1) - Subject: Chemistry, Conflicts: 0, Risk: SAFE, Score: {:.1f}%
2026-01-11T20:53:04.279+05:00 DEBUG 10628 --- [Smart Examination Anti-Cheating System] [           main] c.e.a.service.RiskDetectionService       : Seat (0, 2) - Subject: Math, Conflicts: 0, Risk: SAFE, Score: {:.1f}%
2026-01-11T20:53:04.279+05:00 DEBUG 10628 --- [Smart Examination Anti-Cheating System] [           main] c.e.a.service.RiskDetectionService       : Seat (0, 3) - Subject: Physics, Conflicts: 0, Risk: SAFE, Score: {:.1f}%
2026-01-11T20:53:04.279+05:00 DEBUG 10628 --- [Smart Examination Anti-Cheating System] [           main] c.e.a.service.RiskDetectionService       : Seat (0, 4) - Subject: Math, Conflicts: 0, Risk: SAFE, Score: {:.1f}%
2026-01-11T20:53:04.280+05:00 DEBUG 10628 --- [Smart Examination Anti-Cheating System] [           main] c.e.a.service.RiskDetectionService       : Seat (1, 0) - Subject: Biology, Conflicts: 0, Risk: SAFE, Score: {:.1f}%
2026-01-11T20:53:04.280+05:00 DEBUG 10628 --- [Smart Examination Anti-Cheating System] [           main] c.e.a.service.RiskDetectionService       : Seat (1, 1) - Subject: Physics, Conflicts: 0, Risk: SAFE, Score: {:.1f}%
2026-01-11T20:53:04.280+05:00 DEBUG 10628 --- [Smart Examination Anti-Cheating System] [           main] c.e.a.service.RiskDetectionService       : Seat (1, 2) - Subject: Chemistry, Conflicts: 0, Risk: SAFE, Score: {:.1f}%
2026-01-11T20:53:04.280+05:00 DEBUG 10628 --- [Smart Examination Anti-Cheating System] [           main] c.e.a.service.RiskDetectionService       : Seat (1, 3) - Subject: Biology, Conflicts: 0, Risk: SAFE, Score: {:.1f}%
2026-01-11T20:53:04.280+05:00 DEBUG 10628 --- [Smart Examination Anti-Cheating System] [           main] c.e.a.service.RiskDetectionService       : Seat (1, 4) - Subject: Physics, Conflicts: 0, Risk: SAFE, Score: {:.1f}%
2026-01-11T20:53:04.280+05:00  INFO 10628 --- [Smart Examination Anti-Cheating System] [           main] c.e.a.service.RiskDetectionService       : Risk calculation completed for hall RANDOM_HALL
2026-01-11T20:53:04.280+05:00  INFO 10628 --- [Smart Examination Anti-Cheating System] [           main] c.e.a.service.RiskDetectionService       : Total hall risk: {:.2f}% (based on 0.0 occupied seats)
2026-01-11T20:53:04.280+05:00  INFO 10628 --- [Smart Examination Anti-Cheating System] [           main] c.e.a.service.RiskDetectionService       : Risk report generated: Total Risk: {:.2f}%, Conflicts: 0.0, Safe: 0, Medium: 10, High: 0
2026-01-11T20:53:04.280+05:00  INFO 10628 --- [Smart Examination Anti-Cheating System] [           main] c.e.a.service.SeatAllocationService      : Starting seat allocation for 10 students in hall INTEGRATION_TEST_HALL
2026-01-11T20:53:04.280+05:00  INFO 10628 --- [Smart Examination Anti-Cheating System] [           main] c.e.a.service.SeatAllocationService      : Cleared all seat assignments in hall INTEGRATION_TEST_HALL
2026-01-11T20:53:04.280+05:00 DEBUG 10628 --- [Smart Examination Anti-Cheating System] [           main] c.e.a.service.SeatAllocationService      : Assigned S001 to seat (0, 0) - optimal placement
2026-01-11T20:53:04.280+05:00 DEBUG 10628 --- [Smart Examination Anti-Cheating System] [           main] c.e.a.service.SeatAllocationService      : Student S003 deferred to retry queue
2026-01-11T20:53:04.280+05:00 DEBUG 10628 --- [Smart Examination Anti-Cheating System] [           main] c.e.a.service.SeatAllocationService      : Assigned S006 to seat (0, 2) - optimal placement
2026-01-11T20:53:04.280+05:00 DEBUG 10628 --- [Smart Examination Anti-Cheating System] [           main] c.e.a.service.SeatAllocationService      : Assigned S002 to seat (0, 3) - optimal placement
2026-01-11T20:53:04.280+05:00 DEBUG 10628 --- [Smart Examination Anti-Cheating System] [           main] c.e.a.service.SeatAllocationService      : Student S005 deferred to retry queue
2026-01-11T20:53:04.281+05:00 DEBUG 10628 --- [Smart Examination Anti-Cheating System] [           main] c.e.a.service.SeatAllocationService      : Assigned S009 to seat (1, 0) - optimal placement
2026-01-11T20:53:04.281+05:00 DEBUG 10628 --- [Smart Examination Anti-Cheating System] [           main] c.e.a.service.SeatAllocationService      : Assigned S004 to seat (1, 1) - optimal placement
2026-01-11T20:53:04.281+05:00 DEBUG 10628 --- [Smart Examination Anti-Cheating System] [           main] c.e.a.service.SeatAllocationService      : Student S007 deferred to retry queue
2026-01-11T20:53:04.281+05:00 DEBUG 10628 --- [Smart Examination Anti-Cheating System] [           main] c.e.a.service.SeatAllocationService      : Assigned S008 to seat (1, 3) - optimal placement
2026-01-11T20:53:04.281+05:00 DEBUG 10628 --- [Smart Examination Anti-Cheating System] [           main] c.e.a.service.SeatAllocationService      : Student S010 deferred to retry queue
2026-01-11T20:53:04.281+05:00  INFO 10628 --- [Smart Examination Anti-Cheating System] [           main] c.e.a.service.SeatAllocationService      : Processing retry queue with 4 students
2026-01-11T20:53:04.281+05:00 DEBUG 10628 --- [Smart Examination Anti-Cheating System] [           main] c.e.a.service.SeatAllocationService      : Assigned S003 to seat (0, 1) - fallback placement
2026-01-11T20:53:04.281+05:00 DEBUG 10628 --- [Smart Examination Anti-Cheating System] [           main] c.e.a.service.SeatAllocationService      : Assigned S005 to seat (0, 4) - fallback placement
2026-01-11T20:53:04.281+05:00 DEBUG 10628 --- [Smart Examination Anti-Cheating System] [           main] c.e.a.service.SeatAllocationService      : Assigned S007 to seat (1, 2) - fallback placement
2026-01-11T20:53:04.281+05:00 DEBUG 10628 --- [Smart Examination Anti-Cheating System] [           main] c.e.a.service.SeatAllocationService      : Assigned S010 to seat (1, 4) - fallback placement
2026-01-11T20:53:04.281+05:00  INFO 10628 --- [Smart Examination Anti-Cheating System] [           main] c.e.a.service.SeatAllocationService      : Allocation complete: 10 total students
2026-01-11T20:53:04.281+05:00  INFO 10628 --- [Smart Examination Anti-Cheating System] [           main] c.e.a.service.SeatAllocationService      : Optimal placements: 6 (60%)
2026-01-11T20:53:04.281+05:00  INFO 10628 --- [Smart Examination Anti-Cheating System] [           main] c.e.a.service.SeatAllocationService      : Fallback placements: 4 (40%)
2026-01-11T20:53:04.281+05:00  INFO 10628 --- [Smart Examination Anti-Cheating System] [           main] c.e.a.service.SeatAllocationService      : Final allocation rate: 100%
2026-01-11T20:53:04.282+05:00  INFO 10628 --- [Smart Examination Anti-Cheating System] [           main] c.e.a.service.RiskDetectionService       : Generating risk report for hall INTEGRATION_TEST_HALL
2026-01-11T20:53:04.282+05:00  INFO 10628 --- [Smart Examination Anti-Cheating System] [           main] c.e.a.service.RiskDetectionService       : Calculating risk for all seats in hall INTEGRATION_TEST_HALL
2026-01-11T20:53:04.282+05:00 DEBUG 10628 --- [Smart Examination Anti-Cheating System] [           main] c.e.a.service.RiskDetectionService       : Seat (0, 0) - Subject: Math, Conflicts: 1, Risk: MEDIUM, Score: {:.1f}%
2026-01-11T20:53:04.282+05:00 DEBUG 10628 --- [Smart Examination Anti-Cheating System] [           main] c.e.a.service.RiskDetectionService       : Seat (0, 1) - Subject: Math, Conflicts: 2, Risk: HIGH, Score: {:.1f}%
2026-01-11T20:53:04.282+05:00 DEBUG 10628 --- [Smart Examination Anti-Cheating System] [           main] c.e.a.service.RiskDetectionService       : Seat (0, 2) - Subject: Math, Conflicts: 1, Risk: MEDIUM, Score: {:.1f}%
2026-01-11T20:53:04.282+05:00 DEBUG 10628 --- [Smart Examination Anti-Cheating System] [           main] c.e.a.service.RiskDetectionService       : Seat (0, 3) - Subject: Physics, Conflicts: 1, Risk: MEDIUM, Score: {:.1f}%
2026-01-11T20:53:04.282+05:00 DEBUG 10628 --- [Smart Examination Anti-Cheating System] [           main] c.e.a.service.RiskDetectionService       : Seat (0, 4) - Subject: Physics, Conflicts: 1, Risk: MEDIUM, Score: {:.1f}%
2026-01-11T20:53:04.282+05:00 DEBUG 10628 --- [Smart Examination Anti-Cheating System] [           main] c.e.a.service.RiskDetectionService       : Seat (1, 0) - Subject: Physics, Conflicts: 0, Risk: SAFE, Score: {:.1f}%
2026-01-11T20:53:04.282+05:00 DEBUG 10628 --- [Smart Examination Anti-Cheating System] [           main] c.e.a.service.RiskDetectionService       : Seat (1, 1) - Subject: Chemistry, Conflicts: 1, Risk: MEDIUM, Score: {:.1f}%
2026-01-11T20:53:04.282+05:00 DEBUG 10628 --- [Smart Examination Anti-Cheating System] [           main] c.e.a.service.RiskDetectionService       : Seat (1, 2) - Subject: Chemistry, Conflicts: 1, Risk: MEDIUM, Score: {:.1f}%
2026-01-11T20:53:04.282+05:00 DEBUG 10628 --- [Smart Examination Anti-Cheating System] [           main] c.e.a.service.RiskDetectionService       : Seat (1, 3) - Subject: Biology, Conflicts: 1, Risk: MEDIUM, Score: {:.1f}%
2026-01-11T20:53:04.282+05:00 DEBUG 10628 --- [Smart Examination Anti-Cheating System] [           main] c.e.a.service.RiskDetectionService       : Seat (1, 4) - Subject: Biology, Conflicts: 1, Risk: MEDIUM, Score: {:.1f}%
2026-01-11T20:53:04.282+05:00  INFO 10628 --- [Smart Examination Anti-Cheating System] [           main] c.e.a.service.RiskDetectionService       : Risk calculation completed for hall INTEGRATION_TEST_HALL
2026-01-11T20:53:04.282+05:00  INFO 10628 --- [Smart Examination Anti-Cheating System] [           main] c.e.a.service.RiskDetectionService       : Total hall risk: {:.2f}% (based on 34.166666666666664 occupied seats)
2026-01-11T20:53:04.282+05:00  INFO 10628 --- [Smart Examination Anti-Cheating System] [           main] c.e.a.service.RiskDetectionService       : Risk report generated: Total Risk: {:.2f}%, Conflicts: 34.166666666666664, Safe: 5, Medium: 1, High: 8
=== Seating Optimization Results ===
Random Seating Risk: 0.0%
Optimized Seating Risk: 34.166666666666664%
Risk Difference: 34.166666666666664%
Random Conflicts: 0
Optimized Conflicts: 5
Key Achievement: 100% allocation rate with two-queue strategy
]]></system-out>
  </testcase>
  <testcase name="testChallengingScenario_TwoSubjectsOnly" classname="com.examseating.anticheating.service.SeatingOptimizationIntegrationTest" time="0.018">
    <system-out><![CDATA[2026-01-11T20:53:04.314+05:00  INFO 10628 --- [Smart Examination Anti-Cheating System] [           main] c.e.a.service.SeatAllocationService      : Starting seat allocation for 8 students in hall CHALLENGING_HALL
2026-01-11T20:53:04.315+05:00  INFO 10628 --- [Smart Examination Anti-Cheating System] [           main] c.e.a.service.SeatAllocationService      : Cleared all seat assignments in hall CHALLENGING_HALL
2026-01-11T20:53:04.315+05:00 DEBUG 10628 --- [Smart Examination Anti-Cheating System] [           main] c.e.a.service.SeatAllocationService      : Assigned S001 to seat (0, 0) - optimal placement
2026-01-11T20:53:04.315+05:00 DEBUG 10628 --- [Smart Examination Anti-Cheating System] [           main] c.e.a.service.SeatAllocationService      : Student S002 deferred to retry queue
2026-01-11T20:53:04.315+05:00 DEBUG 10628 --- [Smart Examination Anti-Cheating System] [           main] c.e.a.service.SeatAllocationService      : Assigned S003 to seat (0, 2) - optimal placement
2026-01-11T20:53:04.315+05:00 DEBUG 10628 --- [Smart Examination Anti-Cheating System] [           main] c.e.a.service.SeatAllocationService      : Student S004 deferred to retry queue
2026-01-11T20:53:04.315+05:00 DEBUG 10628 --- [Smart Examination Anti-Cheating System] [           main] c.e.a.service.SeatAllocationService      : Assigned S005 to seat (1, 0) - optimal placement
2026-01-11T20:53:04.315+05:00 DEBUG 10628 --- [Smart Examination Anti-Cheating System] [           main] c.e.a.service.SeatAllocationService      : Student S006 deferred to retry queue
2026-01-11T20:53:04.315+05:00 DEBUG 10628 --- [Smart Examination Anti-Cheating System] [           main] c.e.a.service.SeatAllocationService      : Assigned S007 to seat (1, 2) - optimal placement
2026-01-11T20:53:04.321+05:00 DEBUG 10628 --- [Smart Examination Anti-Cheating System] [           main] c.e.a.service.SeatAllocationService      : Student S008 deferred to retry queue
2026-01-11T20:53:04.321+05:00  INFO 10628 --- [Smart Examination Anti-Cheating System] [           main] c.e.a.service.SeatAllocationService      : Processing retry queue with 4 students
2026-01-11T20:53:04.321+05:00 DEBUG 10628 --- [Smart Examination Anti-Cheating System] [           main] c.e.a.service.SeatAllocationService      : Assigned S002 to seat (0, 1) - fallback placement
2026-01-11T20:53:04.322+05:00 DEBUG 10628 --- [Smart Examination Anti-Cheating System] [           main] c.e.a.service.SeatAllocationService      : Assigned S004 to seat (0, 3) - fallback placement
2026-01-11T20:53:04.322+05:00 DEBUG 10628 --- [Smart Examination Anti-Cheating System] [           main] c.e.a.service.SeatAllocationService      : Assigned S006 to seat (1, 1) - fallback placement
2026-01-11T20:53:04.322+05:00 DEBUG 10628 --- [Smart Examination Anti-Cheating System] [           main] c.e.a.service.SeatAllocationService      : Assigned S008 to seat (1, 3) - fallback placement
2026-01-11T20:53:04.322+05:00  INFO 10628 --- [Smart Examination Anti-Cheating System] [           main] c.e.a.service.SeatAllocationService      : Allocation complete: 8 total students
2026-01-11T20:53:04.322+05:00  INFO 10628 --- [Smart Examination Anti-Cheating System] [           main] c.e.a.service.SeatAllocationService      : Optimal placements: 4 (50%)
2026-01-11T20:53:04.322+05:00  INFO 10628 --- [Smart Examination Anti-Cheating System] [           main] c.e.a.service.SeatAllocationService      : Fallback placements: 4 (50%)
2026-01-11T20:53:04.322+05:00  INFO 10628 --- [Smart Examination Anti-Cheating System] [           main] c.e.a.service.SeatAllocationService      : Final allocation rate: 100%
2026-01-11T20:53:04.322+05:00  INFO 10628 --- [Smart Examination Anti-Cheating System] [           main] c.e.a.service.RiskDetectionService       : Generating risk report for hall CHALLENGING_HALL
2026-01-11T20:53:04.322+05:00  INFO 10628 --- [Smart Examination Anti-Cheating System] [           main] c.e.a.service.RiskDetectionService       : Calculating risk for all seats in hall CHALLENGING_HALL
2026-01-11T20:53:04.322+05:00 DEBUG 10628 --- [Smart Examination Anti-Cheating System] [           main] c.e.a.service.RiskDetectionService       : Seat (0, 0) - Subject: Math, Conflicts: 1, Risk: MEDIUM, Score: {:.1f}%
2026-01-11T20:53:04.322+05:00 DEBUG 10628 --- [Smart Examination Anti-Cheating System] [           main] c.e.a.service.RiskDetectionService       : Seat (0, 1) - Subject: Math, Conflicts: 2, Risk: HIGH, Score: {:.1f}%
2026-01-11T20:53:04.322+05:00 DEBUG 10628 --- [Smart Examination Anti-Cheating System] [           main] c.e.a.service.RiskDetectionService       : Seat (0, 2) - Subject: Math, Conflicts: 2, Risk: HIGH, Score: {:.1f}%
2026-01-11T20:53:04.322+05:00 DEBUG 10628 --- [Smart Examination Anti-Cheating System] [           main] c.e.a.service.RiskDetectionService       : Seat (0, 3) - Subject: Math, Conflicts: 1, Risk: MEDIUM, Score: {:.1f}%
2026-01-11T20:53:04.322+05:00 DEBUG 10628 --- [Smart Examination Anti-Cheating System] [           main] c.e.a.service.RiskDetectionService       : Seat (1, 0) - Subject: Physics, Conflicts: 1, Risk: MEDIUM, Score: {:.1f}%
2026-01-11T20:53:04.322+05:00 DEBUG 10628 --- [Smart Examination Anti-Cheating System] [           main] c.e.a.service.RiskDetectionService       : Seat (1, 1) - Subject: Physics, Conflicts: 2, Risk: HIGH, Score: {:.1f}%
2026-01-11T20:53:04.322+05:00 DEBUG 10628 --- [Smart Examination Anti-Cheating System] [           main] c.e.a.service.RiskDetectionService       : Seat (1, 2) - Subject: Physics, Conflicts: 2, Risk: HIGH, Score: {:.1f}%
2026-01-11T20:53:04.322+05:00 DEBUG 10628 --- [Smart Examination Anti-Cheating System] [           main] c.e.a.service.RiskDetectionService       : Seat (1, 3) - Subject: Physics, Conflicts: 1, Risk: MEDIUM, Score: {:.1f}%
2026-01-11T20:53:04.322+05:00  INFO 10628 --- [Smart Examination Anti-Cheating System] [           main] c.e.a.service.RiskDetectionService       : Risk calculation completed for hall CHALLENGING_HALL
2026-01-11T20:53:04.322+05:00  INFO 10628 --- [Smart Examination Anti-Cheating System] [           main] c.e.a.service.RiskDetectionService       : Total hall risk: {:.2f}% (based on 49.99999999999999 occupied seats)
2026-01-11T20:53:04.323+05:00  INFO 10628 --- [Smart Examination Anti-Cheating System] [           main] c.e.a.service.RiskDetectionService       : Risk report generated: Total Risk: {:.2f}%, Conflicts: 49.99999999999999, Safe: 6, Medium: 0, High: 4
=== Challenging Scenario Results ===
Total Risk: 49.99999999999999%
Conflicts: 6
Risk Distribution: {high=4, safe=0, medium=4}
]]></system-out>
  </testcase>
  <testcase name="testSingleSubjectScenario" classname="com.examseating.anticheating.service.SeatingOptimizationIntegrationTest" time="0.011">
    <system-out><![CDATA[2026-01-11T20:53:04.330+05:00  INFO 10628 --- [Smart Examination Anti-Cheating System] [           main] c.e.a.service.SeatAllocationService      : Starting seat allocation for 5 students in hall SINGLE_SUBJECT_HALL
2026-01-11T20:53:04.330+05:00  INFO 10628 --- [Smart Examination Anti-Cheating System] [           main] c.e.a.service.SeatAllocationService      : Cleared all seat assignments in hall SINGLE_SUBJECT_HALL
2026-01-11T20:53:04.330+05:00 DEBUG 10628 --- [Smart Examination Anti-Cheating System] [           main] c.e.a.service.SeatAllocationService      : Assigned S001 to seat (0, 0) - optimal placement
2026-01-11T20:53:04.330+05:00 DEBUG 10628 --- [Smart Examination Anti-Cheating System] [           main] c.e.a.service.SeatAllocationService      : Student S002 deferred to retry queue
2026-01-11T20:53:04.330+05:00 DEBUG 10628 --- [Smart Examination Anti-Cheating System] [           main] c.e.a.service.SeatAllocationService      : Assigned S003 to seat (0, 2) - optimal placement
2026-01-11T20:53:04.330+05:00 DEBUG 10628 --- [Smart Examination Anti-Cheating System] [           main] c.e.a.service.SeatAllocationService      : Student S004 deferred to retry queue
2026-01-11T20:53:04.330+05:00 DEBUG 10628 --- [Smart Examination Anti-Cheating System] [           main] c.e.a.service.SeatAllocationService      : Student S005 deferred to retry queue
2026-01-11T20:53:04.330+05:00  INFO 10628 --- [Smart Examination Anti-Cheating System] [           main] c.e.a.service.SeatAllocationService      : Processing retry queue with 3 students
2026-01-11T20:53:04.331+05:00 DEBUG 10628 --- [Smart Examination Anti-Cheating System] [           main] c.e.a.service.SeatAllocationService      : Assigned S002 to seat (0, 1) - fallback placement
2026-01-11T20:53:04.331+05:00 DEBUG 10628 --- [Smart Examination Anti-Cheating System] [           main] c.e.a.service.SeatAllocationService      : Assigned S004 to seat (0, 3) - fallback placement
2026-01-11T20:53:04.331+05:00 DEBUG 10628 --- [Smart Examination Anti-Cheating System] [           main] c.e.a.service.SeatAllocationService      : Assigned S005 to seat (1, 0) - fallback placement
2026-01-11T20:53:04.331+05:00  INFO 10628 --- [Smart Examination Anti-Cheating System] [           main] c.e.a.service.SeatAllocationService      : Allocation complete: 5 total students
2026-01-11T20:53:04.331+05:00  INFO 10628 --- [Smart Examination Anti-Cheating System] [           main] c.e.a.service.SeatAllocationService      : Optimal placements: 2 (40%)
2026-01-11T20:53:04.331+05:00  INFO 10628 --- [Smart Examination Anti-Cheating System] [           main] c.e.a.service.SeatAllocationService      : Fallback placements: 3 (60%)
2026-01-11T20:53:04.331+05:00  INFO 10628 --- [Smart Examination Anti-Cheating System] [           main] c.e.a.service.SeatAllocationService      : Final allocation rate: 100%
2026-01-11T20:53:04.331+05:00  INFO 10628 --- [Smart Examination Anti-Cheating System] [           main] c.e.a.service.RiskDetectionService       : Generating risk report for hall SINGLE_SUBJECT_HALL
2026-01-11T20:53:04.331+05:00  INFO 10628 --- [Smart Examination Anti-Cheating System] [           main] c.e.a.service.RiskDetectionService       : Calculating risk for all seats in hall SINGLE_SUBJECT_HALL
2026-01-11T20:53:04.331+05:00 DEBUG 10628 --- [Smart Examination Anti-Cheating System] [           main] c.e.a.service.RiskDetectionService       : Seat (0, 0) - Subject: Math, Conflicts: 2, Risk: HIGH, Score: {:.1f}%
2026-01-11T20:53:04.331+05:00 DEBUG 10628 --- [Smart Examination Anti-Cheating System] [           main] c.e.a.service.RiskDetectionService       : Seat (0, 1) - Subject: Math, Conflicts: 2, Risk: HIGH, Score: {:.1f}%
2026-01-11T20:53:04.331+05:00 DEBUG 10628 --- [Smart Examination Anti-Cheating System] [           main] c.e.a.service.RiskDetectionService       : Seat (0, 2) - Subject: Math, Conflicts: 2, Risk: HIGH, Score: {:.1f}%
2026-01-11T20:53:04.331+05:00 DEBUG 10628 --- [Smart Examination Anti-Cheating System] [           main] c.e.a.service.RiskDetectionService       : Seat (0, 3) - Subject: Math, Conflicts: 1, Risk: MEDIUM, Score: {:.1f}%
2026-01-11T20:53:04.331+05:00 DEBUG 10628 --- [Smart Examination Anti-Cheating System] [           main] c.e.a.service.RiskDetectionService       : Seat (1, 0) - Subject: Math, Conflicts: 1, Risk: MEDIUM, Score: {:.1f}%
2026-01-11T20:53:04.331+05:00  INFO 10628 --- [Smart Examination Anti-Cheating System] [           main] c.e.a.service.RiskDetectionService       : Risk calculation completed for hall SINGLE_SUBJECT_HALL
2026-01-11T20:53:04.331+05:00  INFO 10628 --- [Smart Examination Anti-Cheating System] [           main] c.e.a.service.RiskDetectionService       : Total hall risk: {:.2f}% (based on 63.33333333333333 occupied seats)
2026-01-11T20:53:04.331+05:00  INFO 10628 --- [Smart Examination Anti-Cheating System] [           main] c.e.a.service.RiskDetectionService       : Risk report generated: Total Risk: {:.2f}%, Conflicts: 63.33333333333333, Safe: 4, Medium: 0, High: 2
=== Single Subject Scenario Results ===
Students Allocated: 5
Total Conflicts: 4
Risk Distribution: {high=3, safe=0, medium=2}
]]></system-out>
  </testcase>
</testsuite>