<?xml version="1.0" encoding="UTF-8"?>
<testsuite xmlns:xsi="http://www.w3.org/2001/XMLSchema-instance" xsi:noNamespaceSchemaLocation="https://maven.apache.org/surefire/maven-surefire-plugin/xsd/surefire-test-report-3.0.xsd" version="3.0" name="com.examseating.anticheating.service.SeatAllocationServiceTest" time="0.149" tests="10" errors="0" skipped="0" failures="0">
  <properties>
[...]
</properties>
  <testcase name="testIsValidPlacement" classname="com.examseating.anticheating.service.SeatAllocationServiceTest" time="0.005"/>
  <testcase name="testGenerateRandomSeating" classname="com.examseating.anticheating.service.SeatAllocationServiceTest" time="0.011">
    <system-out><![CDATA[20:54:26.210 [main] INFO com.examseating.anticheating.service.SeatAllocationService -- Generating random seating for 40 students
20:54:26.210 [main] INFO com.examseating.anticheating.service.SeatAllocationService -- Cleared all seat assignments in hall TEST-HALL
20:54:26.210 [main] INFO com.examseating.anticheating.service.SeatAllocationService -- Random seating completed. Assigned 40 students
]]></system-out>
  </testcase>
  <testcase name="testTwoQueueAllocation_FullCapacity" classname="com.examseating.anticheating.service.SeatAllocationServiceTest" time="0.025">
    <system-out><![CDATA[20:54:26.226 [main] INFO com.examseating.anticheating.service.SeatAllocationService -- Starting seat allocation for 60 students in hall FULL-HALL
20:54:26.227 [main] INFO com.examseating.anticheating.service.SeatAllocationService -- Cleared all seat assignments in hall FULL-HALL
20:54:26.241 [main] INFO com.examseating.anticheating.service.SeatAllocationService -- Processing retry queue with 32 students
20:54:26.241 [main] INFO com.examseating.anticheating.service.SeatAllocationService -- Allocation complete: 60 total students
20:54:26.241 [main] INFO com.examseating.anticheating.service.SeatAllocationService -- Optimal placements: 28 (46%)
20:54:26.241 [main] INFO com.examseating.anticheating.service.SeatAllocationService -- Fallback placements: 32 (53%)
20:54:26.241 [main] INFO com.examseating.anticheating.service.SeatAllocationService -- Final allocation rate: 100%
]]></system-out>
  </testcase>
  <testcase name="testAllocateSeats_AllStudentsAssigned" classname="com.examseating.anticheating.service.SeatAllocationServiceTest" time="0.015">
    <system-out><![CDATA[20:54:26.251 [main] INFO com.examseating.anticheating.service.SeatAllocationService -- Starting seat allocation for 30 students in hall TEST-HALL
20:54:26.256 [main] INFO com.examseating.anticheating.service.SeatAllocationService -- Cleared all seat assignments in hall TEST-HALL
20:54:26.257 [main] INFO com.examseating.anticheating.service.SeatAllocationService -- Processing retry queue with 15 students
20:54:26.257 [main] INFO com.examseating.anticheating.service.SeatAllocationService -- Allocation complete: 30 total students
20:54:26.257 [main] INFO com.examseating.anticheating.service.SeatAllocationService -- Optimal placements: 15 (50%)
20:54:26.257 [main] INFO com.examseating.anticheating.service.SeatAllocationService -- Fallback placements: 15 (50%)
20:54:26.257 [main] INFO com.examseating.anticheating.service.SeatAllocationService -- Final allocation rate: 100%
]]></system-out>
  </testcase>
  <testcase name="testClearHall" classname="com.examseating.anticheating.service.SeatAllocationServiceTest" time="0.018">
    <system-out><![CDATA[20:54:26.272 [main] INFO com.examseating.anticheating.service.SeatAllocationService -- Starting seat allocation for 10 students in hall TEST_HALL
20:54:26.273 [main] INFO com.examseating.anticheating.service.SeatAllocationService -- Cleared all seat assignments in hall TEST_HALL
20:54:26.273 [main] INFO com.examseating.anticheating.service.SeatAllocationService -- Processing retry queue with 4 students
20:54:26.273 [main] INFO com.examseating.anticheating.service.SeatAllocationService -- Allocation complete: 10 total students
20:54:26.274 [main] INFO com.examseating.anticheating.service.SeatAllocationService -- Optimal placements: 6 (60%)
20:54:26.274 [main] INFO com.examseating.anticheating.service.SeatAllocationService -- Fallback placements: 4 (40%)
20:54:26.274 [main] INFO com.examseating.anticheating.service.SeatAllocationService -- Final allocation rate: 100%
20:54:26.276 [main] INFO com.examseating.anticheating.service.SeatAllocationService -- Cleared all seat assignments in hall TEST_HALL
]]></system-out>
  </testcase>
  <testcase name="testGetAdjacentSeats" classname="com.examseating.anticheating.service.SeatAllocationServiceTest" time="0.002"/>
  <testcase name="testAllocateSeats_SingleSubject" classname="com.examseating.anticheating.service.SeatAllocationServiceTest" time="0.004">
    <system-out><![CDATA[20:54:26.284 [main] INFO com.examseating.anticheating.service.SeatAllocationService -- Starting seat allocation for 20 students in hall TEST-HALL
20:54:26.284 [main] INFO com.examseating.anticheating.service.SeatAllocationService -- Cleared all seat assignments in hall TEST-HALL
20:54:26.284 [main] INFO com.examseating.anticheating.service.SeatAllocationService -- Processing retry queue with 10 students
20:54:26.285 [main] INFO com.examseating.anticheating.service.SeatAllocationService -- Allocation complete: 20 total students
20:54:26.285 [main] INFO com.examseating.anticheating.service.SeatAllocationService -- Optimal placements: 10 (50%)
20:54:26.285 [main] INFO com.examseating.anticheating.service.SeatAllocationService -- Fallback placements: 10 (50%)
20:54:26.285 [main] INFO com.examseating.anticheating.service.SeatAllocationService -- Final allocation rate: 100%
]]></system-out>
  </testcase>
  <testcase name="testAllocateSeats_Overflow" classname="com.examseating.anticheating.service.SeatAllocationServiceTest" time="0.022">
    <system-out><![CDATA[20:54:26.309 [main] INFO com.examseating.anticheating.service.SeatAllocationService -- Starting seat allocation for 100 students in hall TEST-HALL
20:54:26.309 [main] INFO com.examseating.anticheating.service.SeatAllocationService -- Cleared all seat assignments in hall TEST-HALL
20:54:26.309 [main] WARN com.examseating.anticheating.service.SeatAllocationService -- Students (100) exceed hall capacity (25)
20:54:26.310 [main] INFO com.examseating.anticheating.service.SeatAllocationService -- Processing retry queue with 12 students
20:54:26.310 [main] INFO com.examseating.anticheating.service.SeatAllocationService -- Allocation complete: 100 total students
20:54:26.310 [main] INFO com.examseating.anticheating.service.SeatAllocationService -- Optimal placements: 13 (52%)
20:54:26.310 [main] INFO com.examseating.anticheating.service.SeatAllocationService -- Fallback placements: 12 (48%)
20:54:26.310 [main] WARN com.examseating.anticheating.service.SeatAllocationService -- Unallocated students: 75
20:54:26.310 [main] INFO com.examseating.anticheating.service.SeatAllocationService -- Final allocation rate: 25%
]]></system-out>
  </testcase>
  <testcase name="testTwoQueueAllocation_DifficultDistribution" classname="com.examseating.anticheating.service.SeatAllocationServiceTest" time="0.004">
    <system-out><![CDATA[20:54:26.314 [main] INFO com.examseating.anticheating.service.SeatAllocationService -- Starting seat allocation for 55 students in hall DIFFICULT-HALL
20:54:26.315 [main] INFO com.examseating.anticheating.service.SeatAllocationService -- Cleared all seat assignments in hall DIFFICULT-HALL
20:54:26.315 [main] INFO com.examseating.anticheating.service.SeatAllocationService -- Processing retry queue with 27 students
20:54:26.315 [main] INFO com.examseating.anticheating.service.SeatAllocationService -- Allocation complete: 55 total students
20:54:26.315 [main] INFO com.examseating.anticheating.service.SeatAllocationService -- Optimal placements: 28 (50%)
20:54:26.315 [main] INFO com.examseating.anticheating.service.SeatAllocationService -- Fallback placements: 27 (49%)
20:54:26.315 [main] INFO com.examseating.anticheating.service.SeatAllocationService -- Final allocation rate: 100%
]]></system-out>
  </testcase>
  <testcase name="testAllocateSeats_OptimalPlacementFirst" classname="com.examseating.anticheating.service.SeatAllocationServiceTest" time="0.009">
    <system-out><![CDATA[20:54:26.326 [main] INFO com.examseating.anticheating.service.SeatAllocationService -- Starting seat allocation for 50 students in hall TEST-HALL
20:54:26.327 [main] INFO com.examseating.anticheating.service.SeatAllocationService -- Cleared all seat assignments in hall TEST-HALL
20:54:26.329 [main] INFO com.examseating.anticheating.service.SeatAllocationService -- Processing retry queue with 25 students
20:54:26.330 [main] INFO com.examseating.anticheating.service.SeatAllocationService -- Allocation complete: 50 total students
20:54:26.331 [main] INFO com.examseating.anticheating.service.SeatAllocationService -- Optimal placements: 25 (50%)
20:54:26.331 [main] INFO com.examseating.anticheating.service.SeatAllocationService -- Fallback placements: 25 (50%)
20:54:26.331 [main] INFO com.examseating.anticheating.service.SeatAllocationService -- Final allocation rate: 100%
]]></system-out>
  </testcase>
</testsuite>